<?xml version="1.0" encoding="UTF-8"?>
<!-- Generated by org.testng.reporters.JUnitXMLReporter -->
<testsuite ignored="0" hostname="Roy" failures="0" tests="3" name="Default test" time="1.612" errors="0" timestamp="2023-04-02T11:53:43 IST">
  <testcase classname="com.orange.generic.OrangeHRMBaseClass" name="@BeforeTest openBrowser" time="-1.680416622415E9">
    <failure type="org.testng.TestNGException" message="
Parameter &amp;apos;browserName&amp;apos; is required by BeforeTest on method openBrowser but has not been marked @Optional or defined
in C:\Users\HP\AppData\Local\Temp\testng-eclipse--1921082989\testng-customsuite.xml">
      <![CDATA[org.testng.TestNGException: 
Parameter 'browserName' is required by BeforeTest on method openBrowser but has not been marked @Optional or defined
in C:\Users\HP\AppData\Local\Temp\testng-eclipse--1921082989\testng-customsuite.xml
at org.testng.internal.Parameters.createParams(Parameters.java:270)
at org.testng.internal.Parameters.createParametersForMethod(Parameters.java:358)
at org.testng.internal.Parameters.createParameters(Parameters.java:700)
at org.testng.internal.Parameters.createConfigurationParameters(Parameters.java:168)
at org.testng.internal.ConfigInvoker.invokeConfigurations(ConfigInvoker.java:302)
at org.testng.TestRunner.invokeTestConfigurations(TestRunner.java:637)
at org.testng.TestRunner.beforeRun(TestRunner.java:627)
at org.testng.TestRunner.run(TestRunner.java:589)
at org.testng.SuiteRunner.runTest(SuiteRunner.java:377)
at org.testng.SuiteRunner.runSequentially(SuiteRunner.java:371)
at org.testng.SuiteRunner.privateRun(SuiteRunner.java:332)
at org.testng.SuiteRunner.run(SuiteRunner.java:276)
at org.testng.SuiteRunnerWorker.runSuite(SuiteRunnerWorker.java:53)
at org.testng.SuiteRunnerWorker.run(SuiteRunnerWorker.java:96)
at org.testng.TestNG.runSuitesSequentially(TestNG.java:1212)
at org.testng.TestNG.runSuitesLocally(TestNG.java:1134)
at org.testng.TestNG.runSuites(TestNG.java:1063)
at org.testng.TestNG.run(TestNG.java:1031)
at org.testng.remote.AbstractRemoteTestNG.run(AbstractRemoteTestNG.java:115)
at org.testng.remote.RemoteTestNG.initAndRun(RemoteTestNG.java:251)
at org.testng.remote.RemoteTestNG.main(RemoteTestNG.java:77)
]]>
    </failure>
  </testcase> <!-- @BeforeTest openBrowser -->
  <testcase classname="com.orange.generic.OrangeHRMBaseClass" name="@BeforeMethod loginPage" time="-1.680416622494E9">
    <skipped/>
  </testcase> <!-- @BeforeMethod loginPage -->
  <testcase classname="com.orange.generic.OrangeHRMBaseClass" name="@AfterMethod logout" time="-1.680416622543E9">
    <skipped/>
  </testcase> <!-- @AfterMethod logout -->
  <testcase classname="com.orange.generic.OrangeHRMBaseClass" name="@BeforeMethod loginPage" time="-1.68041662255E9">
    <skipped/>
  </testcase> <!-- @BeforeMethod loginPage -->
  <testcase classname="com.orange.generic.OrangeHRMBaseClass" name="@AfterMethod logout" time="-1.680416622563E9">
    <skipped/>
  </testcase> <!-- @AfterMethod logout -->
  <testcase classname="com.orange.generic.OrangeHRMBaseClass" name="@BeforeMethod loginPage" time="-1.680416622569E9">
    <skipped/>
  </testcase> <!-- @BeforeMethod loginPage -->
  <testcase classname="com.orange.generic.OrangeHRMBaseClass" name="@AfterMethod logout" time="-1.680416622586E9">
    <skipped/>
  </testcase> <!-- @AfterMethod logout -->
  <testcase classname="com.orange.generic.OrangeHRMBaseClass" name="@AfterTest closeBrowser" time="-1.680416622593E9">
    <skipped/>
  </testcase> <!-- @AfterTest closeBrowser -->
  <testcase classname="com.orange.testscript.OrangeHRM" name="verifyDirectoryPage" time="0.0">
    <skipped/>
  </testcase> <!-- verifyDirectoryPage -->
  <testcase classname="com.orange.testscript.OrangeHRM" name="verifyMyInfo" time="0.0">
    <skipped/>
  </testcase> <!-- verifyMyInfo -->
  <testcase classname="com.orange.testscript.OrangeHRM" name="verifyPerformance" time="0.0">
    <skipped/>
  </testcase> <!-- verifyPerformance -->
</testsuite> <!-- Default test -->
