<?xml version="1.0" encoding="UTF-8"?>
<!-- Generated by org.testng.reporters.JUnitXMLReporter -->
<testsuite ignored="0" hostname="Roy" failures="0" tests="3" name="Test" time="6.983" errors="0" timestamp="2023-04-03T10:26:48 IST">
  <testcase classname="com.orange.generic.OrangeHRMBaseClass" name="@BeforeClass openBrowser" time="6.083">
    <failure type="org.openqa.selenium.WebDriverException" message="unknown error: net::ERR_NAME_NOT_RESOLVED
  (Session info: chrome=111.0.5563.147)
Build info: version: &amp;apos;3.141.59&amp;apos;, revision: &amp;apos;e82be7d358&amp;apos;, time: &amp;apos;2018-11-14T08:17:03&amp;apos;
System info: host: &amp;apos;ROY&amp;apos;, ip: &amp;apos;192.168.2.1&amp;apos;, os.name: &amp;apos;Windows 10&amp;apos;, os.arch: &amp;apos;amd64&amp;apos;, os.version: &amp;apos;10.0&amp;apos;, java.version: &amp;apos;17.0.6&amp;apos;
Driver info: org.openqa.selenium.chrome.ChromeDriver
Capabilities {acceptInsecureCerts: false, browserName: chrome, browserVersion: 111.0.5563.147, chrome: {chromedriverVersion: 111.0.5563.64 (c710e93d5b63..., userDataDir: C:\Users\HP\AppData\Local\T...}, goog:chromeOptions: {debuggerAddress: localhost:49456}, javascriptEnabled: true, networkConnectionEnabled: false, pageLoadStrategy: normal, platform: WINDOWS, platformName: WINDOWS, proxy: Proxy(), setWindowRect: true, strictFileInteractability: false, timeouts: {implicit: 0, pageLoad: 300000, script: 30000}, unhandledPromptBehavior: dismiss and notify, webauthn:extension:credBlob: true, webauthn:extension:largeBlob: true, webauthn:extension:minPinLength: true, webauthn:extension:prf: true, webauthn:virtualAuthenticators: true}
Session ID: 462630705a4e6c6f5dc765544ba67292">
      <![CDATA[org.openqa.selenium.WebDriverException: unknown error: net::ERR_NAME_NOT_RESOLVED
  (Session info: chrome=111.0.5563.147)
Build info: version: '3.141.59', revision: 'e82be7d358', time: '2018-11-14T08:17:03'
System info: host: 'ROY', ip: '192.168.2.1', os.name: 'Windows 10', os.arch: 'amd64', os.version: '10.0', java.version: '17.0.6'
Driver info: org.openqa.selenium.chrome.ChromeDriver
Capabilities {acceptInsecureCerts: false, browserName: chrome, browserVersion: 111.0.5563.147, chrome: {chromedriverVersion: 111.0.5563.64 (c710e93d5b63..., userDataDir: C:\Users\HP\AppData\Local\T...}, goog:chromeOptions: {debuggerAddress: localhost:49456}, javascriptEnabled: true, networkConnectionEnabled: false, pageLoadStrategy: normal, platform: WINDOWS, platformName: WINDOWS, proxy: Proxy(), setWindowRect: true, strictFileInteractability: false, timeouts: {implicit: 0, pageLoad: 300000, script: 30000}, unhandledPromptBehavior: dismiss and notify, webauthn:extension:credBlob: true, webauthn:extension:largeBlob: true, webauthn:extension:minPinLength: true, webauthn:extension:prf: true, webauthn:virtualAuthenticators: true}
Session ID: 462630705a4e6c6f5dc765544ba67292
at org.openqa.selenium.remote.http.W3CHttpResponseCodec.createException(W3CHttpResponseCodec.java:187)
at org.openqa.selenium.remote.http.W3CHttpResponseCodec.decode(W3CHttpResponseCodec.java:122)
at org.openqa.selenium.remote.http.W3CHttpResponseCodec.decode(W3CHttpResponseCodec.java:49)
at org.openqa.selenium.remote.HttpCommandExecutor.execute(HttpCommandExecutor.java:158)
at org.openqa.selenium.remote.service.DriverCommandExecutor.execute(DriverCommandExecutor.java:83)
at org.openqa.selenium.remote.RemoteWebDriver.execute(RemoteWebDriver.java:552)
at org.openqa.selenium.remote.RemoteWebDriver.get(RemoteWebDriver.java:277)
at com.orange.generic.OrangeHRMBaseClass.openBrowser(OrangeHRMBaseClass.java:67)
at java.base/java.util.ArrayList.forEach(ArrayList.java:1511)
... Removed 30 stack frames]]>
    </failure>
  </testcase> <!-- @BeforeClass openBrowser -->
  <testcase classname="com.orange.generic.OrangeHRMBaseClass" name="@BeforeMethod loginPage" time="-1.680497807252E9">
    <skipped/>
  </testcase> <!-- @BeforeMethod loginPage -->
  <testcase classname="com.orange.generic.OrangeHRMBaseClass" name="@AfterMethod logout" time="-1.680497807297E9">
    <skipped/>
  </testcase> <!-- @AfterMethod logout -->
  <testcase classname="com.orange.generic.OrangeHRMBaseClass" name="@BeforeMethod loginPage" time="-1.680497807304E9">
    <skipped/>
  </testcase> <!-- @BeforeMethod loginPage -->
  <testcase classname="com.orange.generic.OrangeHRMBaseClass" name="@AfterMethod logout" time="-1.680497807314E9">
    <skipped/>
  </testcase> <!-- @AfterMethod logout -->
  <testcase classname="com.orange.generic.OrangeHRMBaseClass" name="@BeforeMethod loginPage" time="-1.680497807319E9">
    <skipped/>
  </testcase> <!-- @BeforeMethod loginPage -->
  <testcase classname="com.orange.generic.OrangeHRMBaseClass" name="@AfterMethod logout" time="-1.680497807335E9">
    <skipped/>
  </testcase> <!-- @AfterMethod logout -->
  <testcase classname="com.orange.generic.OrangeHRMBaseClass" name="@AfterClass closeBrowser" time="-1.680497807339E9">
    <skipped/>
  </testcase> <!-- @AfterClass closeBrowser -->
  <testcase classname="com.orange.testscript.OrangeHRM" name="verifyDirectoryPage" time="0.0">
    <skipped/>
  </testcase> <!-- verifyDirectoryPage -->
  <testcase classname="com.orange.testscript.OrangeHRM" name="verifyMyInfo" time="0.0">
    <skipped/>
  </testcase> <!-- verifyMyInfo -->
  <testcase classname="com.orange.testscript.OrangeHRM" name="verifyPerformance" time="0.0">
    <skipped/>
  </testcase> <!-- verifyPerformance -->
</testsuite> <!-- Test -->
